  Nhan_Lab4_Bai3.cpp
d:\nhan_1611061629\nhan_lab4_bai3\nhan_lab4_bai3\nhan_lab4_bai3.cpp(164): warning C4305: 'argument': truncation from 'double' to 'GLfloat'
d:\nhan_1611061629\nhan_lab4_bai3\nhan_lab4_bai3\nhan_lab4_bai3.cpp(165): warning C4305: 'argument': truncation from 'double' to 'GLfloat'
d:\nhan_1611061629\nhan_lab4_bai3\nhan_lab4_bai3\nhan_lab4_bai3.cpp(173): warning C4305: 'argument': truncation from 'double' to 'GLfloat'
d:\nhan_1611061629\nhan_lab4_bai3\nhan_lab4_bai3\nhan_lab4_bai3.cpp(183): warning C4305: 'argument': truncation from 'double' to 'GLfloat'
d:\nhan_1611061629\nhan_lab4_bai3\nhan_lab4_bai3\nhan_lab4_bai3.cpp(191): warning C4305: 'argument': truncation from 'double' to 'GLfloat'
d:\nhan_1611061629\nhan_lab4_bai3\nhan_lab4_bai3\nhan_lab4_bai3.cpp(199): warning C4305: 'argument': truncation from 'double' to 'GLfloat'
d:\nhan_1611061629\nhan_lab4_bai3\nhan_lab4_bai3\nhan_lab4_bai3.cpp(207): warning C4305: 'argument': truncation from 'double' to 'GLfloat'
d:\nhan_1611061629\nhan_lab4_bai3\nhan_lab4_bai3\nhan_lab4_bai3.cpp(215): warning C4305: 'argument': truncation from 'double' to 'GLfloat'
d:\nhan_1611061629\nhan_lab4_bai3\nhan_lab4_bai3\nhan_lab4_bai3.cpp(223): warning C4305: 'argument': truncation from 'double' to 'GLfloat'
d:\nhan_1611061629\nhan_lab4_bai3\nhan_lab4_bai3\nhan_lab4_bai3.cpp(323): warning C4305: 'argument': truncation from 'double' to 'GLfloat'
d:\nhan_1611061629\nhan_lab4_bai3\nhan_lab4_bai3\nhan_lab4_bai3.cpp(326): warning C4305: 'argument': truncation from 'double' to 'GLfloat'
d:\nhan_1611061629\nhan_lab4_bai3\nhan_lab4_bai3\nhan_lab4_bai3.cpp(343): warning C4305: 'argument': truncation from 'double' to 'GLfloat'
d:\nhan_1611061629\nhan_lab4_bai3\nhan_lab4_bai3\nhan_lab4_bai3.cpp(366): warning C4305: 'argument': truncation from 'double' to 'GLfloat'
d:\nhan_1611061629\nhan_lab4_bai3\nhan_lab4_bai3\nhan_lab4_bai3.cpp(369): warning C4305: 'argument': truncation from 'double' to 'GLfloat'
d:\nhan_1611061629\nhan_lab4_bai3\nhan_lab4_bai3\nhan_lab4_bai3.cpp(375): warning C4305: 'argument': truncation from 'double' to 'GLfloat'
d:\nhan_1611061629\nhan_lab4_bai3\nhan_lab4_bai3\nhan_lab4_bai3.cpp(378): warning C4305: 'argument': truncation from 'double' to 'GLfloat'
d:\nhan_1611061629\nhan_lab4_bai3\nhan_lab4_bai3\nhan_lab4_bai3.cpp(384): warning C4305: 'argument': truncation from 'double' to 'GLfloat'
d:\nhan_1611061629\nhan_lab4_bai3\nhan_lab4_bai3\nhan_lab4_bai3.cpp(399): warning C4305: 'argument': truncation from 'double' to 'GLfloat'
d:\nhan_1611061629\nhan_lab4_bai3\nhan_lab4_bai3\nhan_lab4_bai3.cpp(413): warning C4305: 'argument': truncation from 'double' to 'GLfloat'
d:\nhan_1611061629\nhan_lab4_bai3\nhan_lab4_bai3\nhan_lab4_bai3.cpp(439): warning C4244: 'return': conversion from 'double' to 'float', possible loss of data
d:\nhan_1611061629\nhan_lab4_bai3\nhan_lab4_bai3\nhan_lab4_bai3.cpp(443): warning C4244: 'initializing': conversion from 'double' to 'GLfloat', possible loss of data
d:\nhan_1611061629\nhan_lab4_bai3\nhan_lab4_bai3\nhan_lab4_bai3.cpp(461): warning C4244: 'argument': conversion from 'time_t' to 'unsigned int', possible loss of data
d:\nhan_1611061629\nhan_lab4_bai3\nhan_lab4_bai3\nhan_lab4_bai3.cpp(462): warning C4244: '=': conversion from 'int' to 'GLfloat', possible loss of data
d:\nhan_1611061629\nhan_lab4_bai3\nhan_lab4_bai3\nhan_lab4_bai3.cpp(463): warning C4244: '=': conversion from 'int' to 'GLfloat', possible loss of data
d:\nhan_1611061629\nhan_lab4_bai3\nhan_lab4_bai3\nhan_lab4_bai3.cpp(464): warning C4244: '=': conversion from 'int' to 'GLfloat', possible loss of data
  Nhan_Lab4_Bai3.vcxproj -> D:\Nhan_1611061629\Nhan_Lab4_Bai3\Debug\Nhan_Lab4_Bai3.exe
  Nhan_Lab4_Bai3.vcxproj -> D:\Nhan_1611061629\Nhan_Lab4_Bai3\Debug\Nhan_Lab4_Bai3.pdb (Full PDB)
